Started GET "/" for 127.0.0.1 at 2018-07-07 18:44:11 -0700
Processing by Rails::WelcomeController#index as HTML
  Rendering C:/RailsInstaller/Ruby2.3.3/lib/ruby/gems/2.3.0/gems/railties-5.1.4/lib/rails/templates/rails/welcome/index.html.erb
  Rendered C:/RailsInstaller/Ruby2.3.3/lib/ruby/gems/2.3.0/gems/railties-5.1.4/lib/rails/templates/rails/welcome/index.html.erb (4.0ms)
Completed 200 OK in 324ms (Views: 36.9ms)


Started GET "/" for 127.0.0.1 at 2018-07-07 19:00:18 -0700
Processing by Rails::WelcomeController#index as HTML
  Rendering C:/RailsInstaller/Ruby2.3.3/lib/ruby/gems/2.3.0/gems/railties-5.1.4/lib/rails/templates/rails/welcome/index.html.erb
  Rendered C:/RailsInstaller/Ruby2.3.3/lib/ruby/gems/2.3.0/gems/railties-5.1.4/lib/rails/templates/rails/welcome/index.html.erb (4.0ms)
Completed 200 OK in 69ms (Views: 34.8ms)


Started GET "/" for 127.0.0.1 at 2018-07-07 19:03:02 -0700
Processing by ApplicationController#hello as HTML
  Rendering html template
  Rendered html template (0.0ms)
Completed 200 OK in 3ms (Views: 2.3ms)


Started GET "/" for 127.0.0.1 at 2018-07-07 19:03:52 -0700
Processing by ApplicationController#hello as HTML
  Rendering html template
  Rendered html template (0.0ms)
Completed 200 OK in 2ms (Views: 1.8ms)


Started GET "/" for 127.0.0.1 at 2018-07-07 19:03:55 -0700
Processing by ApplicationController#hello as HTML
  Rendering html template
  Rendered html template (0.0ms)
Completed 200 OK in 2ms (Views: 1.0ms)


Started GET "/" for 127.0.0.1 at 2018-07-07 19:05:06 -0700
  
SyntaxError (C:/Users/Bigspool Tech/Desktop/projects/rails projects/hello_app/app/controllers/application_controller.rb:10: syntax error, unexpected end-of-input, expecting keyword_end):
  
app/controllers/application_controller.rb:10: syntax error, unexpected end-of-input, expecting keyword_end
Started GET "/" for 127.0.0.1 at 2018-07-07 19:05:27 -0700
Processing by ApplicationController#hello as HTML
  Rendering html template
  Rendered html template (0.0ms)
Completed 200 OK in 3ms (Views: 2.6ms)


Started GET "/" for 127.0.0.1 at 2018-07-07 19:05:57 -0700
Processing by ApplicationController#goodbye as HTML
  Rendering html template
  Rendered html template (0.0ms)
Completed 200 OK in 1ms (Views: 1.0ms)


Started GET "/" for 127.0.0.1 at 2018-07-09 00:14:20 -0700
Processing by ApplicationController#goodbye as HTML
  Rendering html template
  Rendered html template (0.0ms)
Completed 200 OK in 1039ms (Views: 34.9ms)


